

Started GET "/assets/rails.png" for 127.0.0.1 at 2013-04-25 20:23:30 -0500
Served asset /rails.png - 200 OK (18ms)


Started GET "/assets/rails.png" for 127.0.0.1 at 2013-04-25 20:48:08 -0500
Served asset /rails.png - 304 Not Modified (31ms)


Started GET "/users" for 127.0.0.1 at 2013-04-25 20:48:12 -0500
  Processing by UsersController#index as HTML
Completed 500 Internal Server Error in 1ms

ActiveRecord::StatementInvalid (Could not find table 'users'):
  app/controllers/users_controller.rb:5:in `index'

Rendered /Users/andrewhulsizer/.rvm/gems/ruby-1.9.2-p180@rails311/gems/actionpack-3.1.1/lib/action_dispatch/middleware/templates/rescues/_trace.erb (0.9ms)
Rendered /Users/andrewhulsizer/.rvm/gems/ruby-1.9.2-p180@rails311/gems/actionpack-3.1.1/lib/action_dispatch/middleware/templates/rescues/_request_and_response.erb (0.6ms)
Rendered /Users/andrewhulsizer/.rvm/gems/ruby-1.9.2-p180@rails311/gems/actionpack-3.1.1/lib/action_dispatch/middleware/templates/rescues/diagnostics.erb within rescues/layout (9.9ms)
  [1m[36m (0.0ms)[0m  [1mselect sqlite_version(*)[0m
  [1m[35m (1.3ms)[0m  CREATE TABLE "schema_migrations" ("version" varchar(255) NOT NULL) 
  [1m[36m (0.0ms)[0m  [1mPRAGMA index_list("schema_migrations")[0m
  [1m[35m (1.2ms)[0m  CREATE UNIQUE INDEX "unique_schema_migrations" ON "schema_migrations" ("version")
  [1m[36m (0.1ms)[0m  [1mSELECT "schema_migrations"."version" FROM "schema_migrations" [0m
Migrating to CreateUsers (20130426014601)


Started GET "/users" for 127.0.0.1 at 2013-04-25 20:48:54 -0500
  Processing by UsersController#index as HTML
Completed 500 Internal Server Error in 0ms

ActiveRecord::StatementInvalid (Could not find table 'users'):
  app/controllers/users_controller.rb:5:in `index'

Rendered /Users/andrewhulsizer/.rvm/gems/ruby-1.9.2-p180@rails311/gems/actionpack-3.1.1/lib/action_dispatch/middleware/templates/rescues/_trace.erb (0.8ms)
Rendered /Users/andrewhulsizer/.rvm/gems/ruby-1.9.2-p180@rails311/gems/actionpack-3.1.1/lib/action_dispatch/middleware/templates/rescues/_request_and_response.erb (0.6ms)
Rendered /Users/andrewhulsizer/.rvm/gems/ruby-1.9.2-p180@rails311/gems/actionpack-3.1.1/lib/action_dispatch/middleware/templates/rescues/diagnostics.erb within rescues/layout (8.6ms)


Started GET "/assets/rails.png" for 127.0.0.1 at 2013-04-25 20:48:58 -0500
Served asset /rails.png - 304 Not Modified (1ms)


Started GET "/assets/rails.png" for 127.0.0.1 at 2013-04-25 20:49:01 -0500
Served asset /rails.png - 304 Not Modified (0ms)


Started GET "/user" for 127.0.0.1 at 2013-04-25 20:49:06 -0500

ActionController::RoutingError (No route matches [GET] "/user"):
  

Rendered /Users/andrewhulsizer/.rvm/gems/ruby-1.9.2-p180@rails311/gems/actionpack-3.1.1/lib/action_dispatch/middleware/templates/rescues/routing_error.erb within rescues/layout (0.4ms)


Started GET "/users" for 127.0.0.1 at 2013-04-25 20:49:12 -0500
  Processing by UsersController#index as HTML
Completed 500 Internal Server Error in 0ms

ActiveRecord::StatementInvalid (Could not find table 'users'):
  app/controllers/users_controller.rb:5:in `index'

Rendered /Users/andrewhulsizer/.rvm/gems/ruby-1.9.2-p180@rails311/gems/actionpack-3.1.1/lib/action_dispatch/middleware/templates/rescues/_trace.erb (0.8ms)
Rendered /Users/andrewhulsizer/.rvm/gems/ruby-1.9.2-p180@rails311/gems/actionpack-3.1.1/lib/action_dispatch/middleware/templates/rescues/_request_and_response.erb (0.6ms)
Rendered /Users/andrewhulsizer/.rvm/gems/ruby-1.9.2-p180@rails311/gems/actionpack-3.1.1/lib/action_dispatch/middleware/templates/rescues/diagnostics.erb within rescues/layout (2.6ms)
  [1m[36m (0.1ms)[0m  [1mSELECT "schema_migrations"."version" FROM "schema_migrations" [0m
Migrating to CreateUsers (20130426014601)
  [1m[35m (0.0ms)[0m  select sqlite_version(*)


Started GET "/users" for 127.0.0.1 at 2013-04-25 20:50:34 -0500
  Processing by UsersController#index as HTML
Completed 500 Internal Server Error in 0ms

ActiveRecord::StatementInvalid (Could not find table 'users'):
  app/controllers/users_controller.rb:5:in `index'

Rendered /Users/andrewhulsizer/.rvm/gems/ruby-1.9.2-p180@rails311/gems/actionpack-3.1.1/lib/action_dispatch/middleware/templates/rescues/_trace.erb (0.8ms)
Rendered /Users/andrewhulsizer/.rvm/gems/ruby-1.9.2-p180@rails311/gems/actionpack-3.1.1/lib/action_dispatch/middleware/templates/rescues/_request_and_response.erb (0.6ms)
Rendered /Users/andrewhulsizer/.rvm/gems/ruby-1.9.2-p180@rails311/gems/actionpack-3.1.1/lib/action_dispatch/middleware/templates/rescues/diagnostics.erb within rescues/layout (8.5ms)
  [1m[36m (0.1ms)[0m  [1mSELECT "schema_migrations"."version" FROM "schema_migrations" [0m
Migrating to CreateUsers (20130426014601)
  [1m[35m (0.0ms)[0m  select sqlite_version(*)
  [1m[36m (0.3ms)[0m  [1mCREATE TABLE "users" ("id" INTEGER PRIMARY KEY AUTOINCREMENT NOT NULL, "facebook_id" decimal, "google_id" decimal, "twitter_id" decimal, "created_at" datetime, "updated_at" datetime) [0m
  [1m[35m (0.1ms)[0m  INSERT INTO "schema_migrations" ("version") VALUES ('20130426014601')
  [1m[36m (0.2ms)[0m  [1mselect sqlite_version(*)[0m
  [1m[35m (0.1ms)[0m  SELECT "schema_migrations"."version" FROM "schema_migrations" 
  [1m[36m (0.0ms)[0m  [1mPRAGMA index_list("users")[0m


Started GET "/users" for 127.0.0.1 at 2013-04-25 20:51:46 -0500
  Processing by UsersController#index as HTML
  [1m[36mUser Load (0.1ms)[0m  [1mSELECT "users".* FROM "users" [0m
Rendered users/index.html.erb within layouts/application (6.6ms)
Compiled application.css  (0ms)  (pid 21083)
Compiled scaffolds.css  (12ms)  (pid 21083)
Compiled users.css  (0ms)  (pid 21083)
Compiled application.js  (3ms)  (pid 21083)
Compiled jquery.js  (1ms)  (pid 21083)
Compiled jquery_ujs.js  (0ms)  (pid 21083)
Compiled users.js  (90ms)  (pid 21083)
Completed 200 OK in 227ms (Views: 225.8ms | ActiveRecord: 0.1ms)


Started GET "/assets/application.css?body=1" for 127.0.0.1 at 2013-04-25 20:51:46 -0500
Served asset /application.css - 200 OK (0ms)


Started GET "/assets/scaffolds.css?body=1" for 127.0.0.1 at 2013-04-25 20:51:46 -0500
Served asset /scaffolds.css - 200 OK (7ms)


Started GET "/assets/users.css?body=1" for 127.0.0.1 at 2013-04-25 20:51:46 -0500
Served asset /users.css - 200 OK (2ms)


Started GET "/assets/jquery.js?body=1" for 127.0.0.1 at 2013-04-25 20:51:46 -0500
Served asset /jquery.js - 200 OK (1ms)


Started GET "/assets/application.js?body=1" for 127.0.0.1 at 2013-04-25 20:51:46 -0500
Served asset /application.js - 200 OK (0ms)


Started GET "/assets/jquery_ujs.js?body=1" for 127.0.0.1 at 2013-04-25 20:51:46 -0500
Served asset /jquery_ujs.js - 200 OK (2ms)


Started GET "/assets/users.js?body=1" for 127.0.0.1 at 2013-04-25 20:51:47 -0500
Served asset /users.js - 200 OK (1ms)


Started GET "/users/new" for 127.0.0.1 at 2013-04-25 20:52:05 -0500
  Processing by UsersController#new as HTML
ERROR: compiling _app_views_users__form_html_erb__4587355820608922798_2169836300 RAISED /Users/andrewhulsizer/Documents/Projects/Web/Feeder/feeder/app/views/users/_form.html.erb:15: syntax error, unexpected ':'
...tput_buffer.append= ( f.label : id );@output_buffer.safe_con...
...                               ^
/Users/andrewhulsizer/Documents/Projects/Web/Feeder/feeder/app/views/users/_form.html.erb:16: syntax error, unexpected ':'
...buffer.append= ( f.text_field : id );@output_buffer.safe_con...
...                               ^
Function body:           def _app_views_users__form_html_erb__4587355820608922798_2169836300(local_assigns, output_buffer)
            _old_virtual_path, @virtual_path = @virtual_path, "users/_form";_old_output_buffer = @output_buffer;form = local_assigns[:form];;@output_buffer = output_buffer || ActionView::OutputBuffer.new;@output_buffer.append=  form_for(@user) do |f| @output_buffer.safe_concat('
');   if @user.errors.any? 
@output_buffer.safe_concat('    <div id="error_explanation">
      <h2>');@output_buffer.append= ( pluralize(@user.errors.count, "error") );@output_buffer.safe_concat(' prohibited this user from being saved:</h2>

      <ul>
');       @user.errors.full_messages.each do |msg| 
@output_buffer.safe_concat('        <li>');@output_buffer.append= ( msg );@output_buffer.safe_concat('</li>
');       end 
@output_buffer.safe_concat('      </ul>
    </div>
');   end 
@output_buffer.safe_concat('
  <div class="field">
    ');@output_buffer.append= ( f.label : id );@output_buffer.safe_concat('<br />
    ');@output_buffer.append= ( f.text_field : id );@output_buffer.safe_concat('
');@output_buffer.safe_concat('  </div>
  <div class="field">
    ');@output_buffer.append= ( f.label :facebook_id );@output_buffer.safe_concat('<br />
    ');@output_buffer.append= ( f.text_field :facebook_id );@output_buffer.safe_concat('
');@output_buffer.safe_concat('  </div>
  <div class="field">
    ');@output_buffer.append= ( f.label :google_id );@output_buffer.safe_concat('<br />
    ');@output_buffer.append= ( f.text_field :google_id );@output_buffer.safe_concat('
');@output_buffer.safe_concat('  </div>
  <div class="field">
    ');@output_buffer.append= ( f.label :twitter_id );@output_buffer.safe_concat('<br />
    ');@output_buffer.append= ( f.text_field :twitter_id );@output_buffer.safe_concat('
');@output_buffer.safe_concat('  </div>
  <div class="actions">
    ');@output_buffer.append= ( f.submit );@output_buffer.safe_concat('
');@output_buffer.safe_concat('  </div>
'); end 
@output_buffer.to_s
          ensure
            @virtual_path, @output_buffer = _old_virtual_path, _old_output_buffer
          end
Backtrace: /Users/andrewhulsizer/.rvm/gems/ruby-1.9.2-p180@rails311/gems/actionpack-3.1.1/lib/action_view/template.rb:282:in `module_eval'
/Users/andrewhulsizer/.rvm/gems/ruby-1.9.2-p180@rails311/gems/actionpack-3.1.1/lib/action_view/template.rb:282:in `compile'
/Users/andrewhulsizer/.rvm/gems/ruby-1.9.2-p180@rails311/gems/actionpack-3.1.1/lib/action_view/template.rb:190:in `compile!'
/Users/andrewhulsizer/.rvm/gems/ruby-1.9.2-p180@rails311/gems/actionpack-3.1.1/lib/action_view/template.rb:143:in `block in render'
/Users/andrewhulsizer/.rvm/gems/ruby-1.9.2-p180@rails311/gems/activesupport-3.1.1/lib/active_support/notifications.rb:55:in `instrument'
/Users/andrewhulsizer/.rvm/gems/ruby-1.9.2-p180@rails311/gems/actionpack-3.1.1/lib/action_view/template.rb:142:in `render'
/Users/andrewhulsizer/.rvm/gems/ruby-1.9.2-p180@rails311/gems/actionpack-3.1.1/lib/action_view/renderer/partial_renderer.rb:256:in `render_partial'
/Users/andrewhulsizer/.rvm/gems/ruby-1.9.2-p180@rails311/gems/actionpack-3.1.1/lib/action_view/renderer/partial_renderer.rb:228:in `block (2 levels) in render'
/Users/andrewhulsizer/.rvm/gems/ruby-1.9.2-p180@rails311/gems/actionpack-3.1.1/lib/action_view/renderer/abstract_renderer.rb:33:in `block in instrument'
/Users/andrewhulsizer/.rvm/gems/ruby-1.9.2-p180@rails311/gems/activesupport-3.1.1/lib/active_support/notifications.rb:53:in `block in instrument'
/Users/andrewhulsizer/.rvm/gems/ruby-1.9.2-p180@rails311/gems/activesupport-3.1.1/lib/active_support/notifications/instrumenter.rb:21:in `instrument'
/Users/andrewhulsizer/.rvm/gems/ruby-1.9.2-p180@rails311/gems/activesupport-3.1.1/lib/active_support/notifications.rb:53:in `instrument'
/Users/andrewhulsizer/.rvm/gems/ruby-1.9.2-p180@rails311/gems/actionpack-3.1.1/lib/action_view/renderer/abstract_renderer.rb:33:in `instrument'
/Users/andrewhulsizer/.rvm/gems/ruby-1.9.2-p180@rails311/gems/actionpack-3.1.1/lib/action_view/renderer/partial_renderer.rb:227:in `block in render'
/Users/andrewhulsizer/.rvm/gems/ruby-1.9.2-p180@rails311/gems/actionpack-3.1.1/lib/action_view/renderer/abstract_renderer.rb:22:in `wrap_formats'
/Users/andrewhulsizer/.rvm/gems/ruby-1.9.2-p180@rails311/gems/actionpack-3.1.1/lib/action_view/renderer/partial_renderer.rb:219:in `render'
/Users/andrewhulsizer/.rvm/gems/ruby-1.9.2-p180@rails311/gems/actionpack-3.1.1/lib/action_view/renderer/renderer.rb:41:in `render_partial'
/Users/andrewhulsizer/.rvm/gems/ruby-1.9.2-p180@rails311/gems/actionpack-3.1.1/lib/action_view/helpers/rendering_helper.rb:27:in `render'
/Users/andrewhulsizer/Documents/Projects/Web/Feeder/feeder/app/views/users/new.html.erb:3:in `_app_views_users_new_html_erb__2526001736773169906_2169932140'
/Users/andrewhulsizer/.rvm/gems/ruby-1.9.2-p180@rails311/gems/actionpack-3.1.1/lib/action_view/template.rb:144:in `block in render'
/Users/andrewhulsizer/.rvm/gems/ruby-1.9.2-p180@rails311/gems/activesupport-3.1.1/lib/active_support/notifications.rb:55:in `instrument'
/Users/andrewhulsizer/.rvm/gems/ruby-1.9.2-p180@rails311/gems/actionpack-3.1.1/lib/action_view/template.rb:142:in `render'
/Users/andrewhulsizer/.rvm/gems/ruby-1.9.2-p180@rails311/gems/actionpack-3.1.1/lib/action_view/renderer/template_renderer.rb:40:in `block (2 levels) in render_template'
/Users/andrewhulsizer/.rvm/gems/ruby-1.9.2-p180@rails311/gems/actionpack-3.1.1/lib/action_view/renderer/abstract_renderer.rb:33:in `block in instrument'
/Users/andrewhulsizer/.rvm/gems/ruby-1.9.2-p180@rails311/gems/activesupport-3.1.1/lib/active_support/notifications.rb:53:in `block in instrument'
/Users/andrewhulsizer/.rvm/gems/ruby-1.9.2-p180@rails311/gems/activesupport-3.1.1/lib/active_support/notifications/instrumenter.rb:21:in `instrument'
/Users/andrewhulsizer/.rvm/gems/ruby-1.9.2-p180@rails311/gems/activesupport-3.1.1/lib/active_support/notifications.rb:53:in `instrument'
/Users/andrewhulsizer/.rvm/gems/ruby-1.9.2-p180@rails311/gems/actionpack-3.1.1/lib/action_view/renderer/abstract_renderer.rb:33:in `instrument'
/Users/andrewhulsizer/.rvm/gems/ruby-1.9.2-p180@rails311/gems/actionpack-3.1.1/lib/action_view/renderer/template_renderer.rb:39:in `block in render_template'
/Users/andrewhulsizer/.rvm/gems/ruby-1.9.2-p180@rails311/gems/actionpack-3.1.1/lib/action_view/renderer/template_renderer.rb:47:in `render_with_layout'
/Users/andrewhulsizer/.rvm/gems/ruby-1.9.2-p180@rails311/gems/actionpack-3.1.1/lib/action_view/renderer/template_renderer.rb:38:in `render_template'
/Users/andrewhulsizer/.rvm/gems/ruby-1.9.2-p180@rails311/gems/actionpack-3.1.1/lib/action_view/renderer/template_renderer.rb:12:in `block in render'
/Users/andrewhulsizer/.rvm/gems/ruby-1.9.2-p180@rails311/gems/actionpack-3.1.1/lib/action_view/renderer/abstract_renderer.rb:22:in `wrap_formats'
/Users/andrewhulsizer/.rvm/gems/ruby-1.9.2-p180@rails311/gems/actionpack-3.1.1/lib/action_view/renderer/template_renderer.rb:9:in `render'
/Users/andrewhulsizer/.rvm/gems/ruby-1.9.2-p180@rails311/gems/actionpack-3.1.1/lib/action_view/renderer/renderer.rb:36:in `render_template'
/Users/andrewhulsizer/.rvm/gems/ruby-1.9.2-p180@rails311/gems/actionpack-3.1.1/lib/action_view/renderer/renderer.rb:17:in `render'
/Users/andrewhulsizer/.rvm/gems/ruby-1.9.2-p180@rails311/gems/actionpack-3.1.1/lib/abstract_controller/rendering.rb:120:in `_render_template'
/Users/andrewhulsizer/.rvm/gems/ruby-1.9.2-p180@rails311/gems/actionpack-3.1.1/lib/action_controller/metal/streaming.rb:250:in `_render_template'
/Users/andrewhulsizer/.rvm/gems/ruby-1.9.2-p180@rails311/gems/actionpack-3.1.1/lib/abstract_controller/rendering.rb:114:in `render_to_body'
/Users/andrewhulsizer/.rvm/gems/ruby-1.9.2-p180@rails311/gems/actionpack-3.1.1/lib/action_controller/metal/renderers.rb:30:in `render_to_body'
/Users/andrewhulsizer/.rvm/gems/ruby-1.9.2-p180@rails311/gems/actionpack-3.1.1/lib/action_controller/metal/compatibility.rb:43:in `render_to_body'
/Users/andrewhulsizer/.rvm/gems/ruby-1.9.2-p180@rails311/gems/actionpack-3.1.1/lib/abstract_controller/rendering.rb:99:in `render'
/Users/andrewhulsizer/.rvm/gems/ruby-1.9.2-p180@rails311/gems/actionpack-3.1.1/lib/action_controller/metal/rendering.rb:16:in `render'
/Users/andrewhulsizer/.rvm/gems/ruby-1.9.2-p180@rails311/gems/actionpack-3.1.1/lib/action_controller/metal/instrumentation.rb:40:in `block (2 levels) in render'
/Users/andrewhulsizer/.rvm/gems/ruby-1.9.2-p180@rails311/gems/activesupport-3.1.1/lib/active_support/core_ext/benchmark.rb:5:in `block in ms'
/Users/andrewhulsizer/.rvm/rubies/ruby-1.9.2-p180/lib/ruby/1.9.1/benchmark.rb:309:in `realtime'
/Users/andrewhulsizer/.rvm/gems/ruby-1.9.2-p180@rails311/gems/activesupport-3.1.1/lib/active_support/core_ext/benchmark.rb:5:in `ms'
/Users/andrewhulsizer/.rvm/gems/ruby-1.9.2-p180@rails311/gems/actionpack-3.1.1/lib/action_controller/metal/instrumentation.rb:40:in `block in render'
/Users/andrewhulsizer/.rvm/gems/ruby-1.9.2-p180@rails311/gems/actionpack-3.1.1/lib/action_controller/metal/instrumentation.rb:78:in `cleanup_view_runtime'
/Users/andrewhulsizer/.rvm/gems/ruby-1.9.2-p180@rails311/gems/activerecord-3.1.1/lib/active_record/railties/controller_runtime.rb:24:in `cleanup_view_runtime'
/Users/andrewhulsizer/.rvm/gems/ruby-1.9.2-p180@rails311/gems/actionpack-3.1.1/lib/action_controller/metal/instrumentation.rb:39:in `render'
/Users/andrewhulsizer/.rvm/gems/ruby-1.9.2-p180@rails311/gems/actionpack-3.1.1/lib/action_controller/metal/implicit_render.rb:10:in `default_render'
/Users/andrewhulsizer/.rvm/gems/ruby-1.9.2-p180@rails311/gems/actionpack-3.1.1/lib/action_controller/metal/mime_responds.rb:268:in `block in retrieve_response_from_mimes'
/Users/andrewhulsizer/.rvm/gems/ruby-1.9.2-p180@rails311/gems/actionpack-3.1.1/lib/action_controller/metal/mime_responds.rb:195:in `call'
/Users/andrewhulsizer/.rvm/gems/ruby-1.9.2-p180@rails311/gems/actionpack-3.1.1/lib/action_controller/metal/mime_responds.rb:195:in `respond_to'
/Users/andrewhulsizer/Documents/Projects/Web/Feeder/feeder/app/controllers/users_controller.rb:29:in `new'
/Users/andrewhulsizer/.rvm/gems/ruby-1.9.2-p180@rails311/gems/actionpack-3.1.1/lib/action_controller/metal/implicit_render.rb:4:in `send_action'
/Users/andrewhulsizer/.rvm/gems/ruby-1.9.2-p180@rails311/gems/actionpack-3.1.1/lib/abstract_controller/base.rb:167:in `process_action'
/Users/andrewhulsizer/.rvm/gems/ruby-1.9.2-p180@rails311/gems/actionpack-3.1.1/lib/action_controller/metal/rendering.rb:10:in `process_action'
/Users/andrewhulsizer/.rvm/gems/ruby-1.9.2-p180@rails311/gems/actionpack-3.1.1/lib/abstract_controller/callbacks.rb:18:in `block in process_action'
/Users/andrewhulsizer/.rvm/gems/ruby-1.9.2-p180@rails311/gems/activesupport-3.1.1/lib/active_support/callbacks.rb:416:in `_run__1973321672288047364__process_action__246209962613186245__callbacks'
/Users/andrewhulsizer/.rvm/gems/ruby-1.9.2-p180@rails311/gems/activesupport-3.1.1/lib/active_support/callbacks.rb:386:in `_run_process_action_callbacks'
/Users/andrewhulsizer/.rvm/gems/ruby-1.9.2-p180@rails311/gems/activesupport-3.1.1/lib/active_support/callbacks.rb:81:in `run_callbacks'
/Users/andrewhulsizer/.rvm/gems/ruby-1.9.2-p180@rails311/gems/actionpack-3.1.1/lib/abstract_controller/callbacks.rb:17:in `process_action'
/Users/andrewhulsizer/.rvm/gems/ruby-1.9.2-p180@rails311/gems/actionpack-3.1.1/lib/action_controller/metal/rescue.rb:17:in `process_action'
/Users/andrewhulsizer/.rvm/gems/ruby-1.9.2-p180@rails311/gems/actionpack-3.1.1/lib/action_controller/metal/instrumentation.rb:30:in `block in process_action'
/Users/andrewhulsizer/.rvm/gems/ruby-1.9.2-p180@rails311/gems/activesupport-3.1.1/lib/active_support/notifications.rb:53:in `block in instrument'
/Users/andrewhulsizer/.rvm/gems/ruby-1.9.2-p180@rails311/gems/activesupport-3.1.1/lib/active_support/notifications/instrumenter.rb:21:in `instrument'
/Users/andrewhulsizer/.rvm/gems/ruby-1.9.2-p180@rails311/gems/activesupport-3.1.1/lib/active_support/notifications.rb:53:in `instrument'
/Users/andrewhulsizer/.rvm/gems/ruby-1.9.2-p180@rails311/gems/actionpack-3.1.1/lib/action_controller/metal/instrumentation.rb:29:in `process_action'
/Users/andrewhulsizer/.rvm/gems/ruby-1.9.2-p180@rails311/gems/actionpack-3.1.1/lib/action_controller/metal/params_wrapper.rb:201:in `process_action'
/Users/andrewhulsizer/.rvm/gems/ruby-1.9.2-p180@rails311/gems/activerecord-3.1.1/lib/active_record/railties/controller_runtime.rb:18:in `process_action'
/Users/andrewhulsizer/.rvm/gems/ruby-1.9.2-p180@rails311/gems/actionpack-3.1.1/lib/abstract_controller/base.rb:121:in `process'
/Users/andrewhulsizer/.rvm/gems/ruby-1.9.2-p180@rails311/gems/actionpack-3.1.1/lib/abstract_controller/rendering.rb:45:in `process'
/Users/andrewhulsizer/.rvm/gems/ruby-1.9.2-p180@rails311/gems/actionpack-3.1.1/lib/action_controller/metal.rb:193:in `dispatch'
/Users/andrewhulsizer/.rvm/gems/ruby-1.9.2-p180@rails311/gems/actionpack-3.1.1/lib/action_controller/metal/rack_delegation.rb:14:in `dispatch'
/Users/andrewhulsizer/.rvm/gems/ruby-1.9.2-p180@rails311/gems/actionpack-3.1.1/lib/action_controller/metal.rb:236:in `block in action'
/Users/andrewhulsizer/.rvm/gems/ruby-1.9.2-p180@rails311/gems/actionpack-3.1.1/lib/action_dispatch/routing/route_set.rb:65:in `call'
/Users/andrewhulsizer/.rvm/gems/ruby-1.9.2-p180@rails311/gems/actionpack-3.1.1/lib/action_dispatch/routing/route_set.rb:65:in `dispatch'
/Users/andrewhulsizer/.rvm/gems/ruby-1.9.2-p180@rails311/gems/actionpack-3.1.1/lib/action_dispatch/routing/route_set.rb:29:in `call'
/Users/andrewhulsizer/.rvm/gems/ruby-1.9.2-p180@rails311/gems/rack-mount-0.8.3/lib/rack/mount/route_set.rb:152:in `block in call'
/Users/andrewhulsizer/.rvm/gems/ruby-1.9.2-p180@rails311/gems/rack-mount-0.8.3/lib/rack/mount/code_generation.rb:96:in `block in recognize'
/Users/andrewhulsizer/.rvm/gems/ruby-1.9.2-p180@rails311/gems/rack-mount-0.8.3/lib/rack/mount/code_generation.rb:82:in `optimized_each'
/Users/andrewhulsizer/.rvm/gems/ruby-1.9.2-p180@rails311/gems/rack-mount-0.8.3/lib/rack/mount/code_generation.rb:95:in `recognize'
/Users/andrewhulsizer/.rvm/gems/ruby-1.9.2-p180@rails311/gems/rack-mount-0.8.3/lib/rack/mount/route_set.rb:141:in `call'
/Users/andrewhulsizer/.rvm/gems/ruby-1.9.2-p180@rails311/gems/actionpack-3.1.1/lib/action_dispatch/routing/route_set.rb:532:in `call'
/Users/andrewhulsizer/.rvm/gems/ruby-1.9.2-p180@rails311/gems/actionpack-3.1.1/lib/action_dispatch/middleware/best_standards_support.rb:17:in `call'
/Users/andrewhulsizer/.rvm/gems/ruby-1.9.2-p180@rails311/gems/rack-1.3.10/lib/rack/etag.rb:23:in `call'
/Users/andrewhulsizer/.rvm/gems/ruby-1.9.2-p180@rails311/gems/rack-1.3.10/lib/rack/conditionalget.rb:25:in `call'
/Users/andrewhulsizer/.rvm/gems/ruby-1.9.2-p180@rails311/gems/actionpack-3.1.1/lib/action_dispatch/middleware/head.rb:14:in `call'
/Users/andrewhulsizer/.rvm/gems/ruby-1.9.2-p180@rails311/gems/actionpack-3.1.1/lib/action_dispatch/middleware/params_parser.rb:21:in `call'
/Users/andrewhulsizer/.rvm/gems/ruby-1.9.2-p180@rails311/gems/actionpack-3.1.1/lib/action_dispatch/middleware/flash.rb:243:in `call'
/Users/andrewhulsizer/.rvm/gems/ruby-1.9.2-p180@rails311/gems/rack-1.3.10/lib/rack/session/abstract/id.rb:195:in `context'
/Users/andrewhulsizer/.rvm/gems/ruby-1.9.2-p180@rails311/gems/rack-1.3.10/lib/rack/session/abstract/id.rb:190:in `call'
/Users/andrewhulsizer/.rvm/gems/ruby-1.9.2-p180@rails311/gems/actionpack-3.1.1/lib/action_dispatch/middleware/cookies.rb:331:in `call'
/Users/andrewhulsizer/.rvm/gems/ruby-1.9.2-p180@rails311/gems/activerecord-3.1.1/lib/active_record/query_cache.rb:62:in `call'
/Users/andrewhulsizer/.rvm/gems/ruby-1.9.2-p180@rails311/gems/activerecord-3.1.1/lib/active_record/connection_adapters/abstract/connection_pool.rb:477:in `call'
/Users/andrewhulsizer/.rvm/gems/ruby-1.9.2-p180@rails311/gems/actionpack-3.1.1/lib/action_dispatch/middleware/callbacks.rb:29:in `block in call'
/Users/andrewhulsizer/.rvm/gems/ruby-1.9.2-p180@rails311/gems/activesupport-3.1.1/lib/active_support/callbacks.rb:392:in `_run_call_callbacks'
/Users/andrewhulsizer/.rvm/gems/ruby-1.9.2-p180@rails311/gems/activesupport-3.1.1/lib/active_support/callbacks.rb:81:in `run_callbacks'
/Users/andrewhulsizer/.rvm/gems/ruby-1.9.2-p180@rails311/gems/actionpack-3.1.1/lib/action_dispatch/middleware/callbacks.rb:28:in `call'
/Users/andrewhulsizer/.rvm/gems/ruby-1.9.2-p180@rails311/gems/actionpack-3.1.1/lib/action_dispatch/middleware/reloader.rb:68:in `call'
/Users/andrewhulsizer/.rvm/gems/ruby-1.9.2-p180@rails311/gems/rack-1.3.10/lib/rack/sendfile.rb:101:in `call'
/Users/andrewhulsizer/.rvm/gems/ruby-1.9.2-p180@rails311/gems/actionpack-3.1.1/lib/action_dispatch/middleware/remote_ip.rb:48:in `call'
/Users/andrewhulsizer/.rvm/gems/ruby-1.9.2-p180@rails311/gems/actionpack-3.1.1/lib/action_dispatch/middleware/show_exceptions.rb:47:in `call'
/Users/andrewhulsizer/.rvm/gems/ruby-1.9.2-p180@rails311/gems/railties-3.1.1/lib/rails/rack/logger.rb:13:in `call'
/Users/andrewhulsizer/.rvm/gems/ruby-1.9.2-p180@rails311/gems/rack-1.3.10/lib/rack/methodoverride.rb:24:in `call'
/Users/andrewhulsizer/.rvm/gems/ruby-1.9.2-p180@rails311/gems/rack-1.3.10/lib/rack/runtime.rb:17:in `call'
/Users/andrewhulsizer/.rvm/gems/ruby-1.9.2-p180@rails311/gems/activesupport-3.1.1/lib/active_support/cache/strategy/local_cache.rb:72:in `call'
/Users/andrewhulsizer/.rvm/gems/ruby-1.9.2-p180@rails311/gems/rack-1.3.10/lib/rack/lock.rb:15:in `call'
/Users/andrewhulsizer/.rvm/gems/ruby-1.9.2-p180@rails311/gems/actionpack-3.1.1/lib/action_dispatch/middleware/static.rb:53:in `call'
/Users/andrewhulsizer/.rvm/gems/ruby-1.9.2-p180@rails311/gems/railties-3.1.1/lib/rails/engine.rb:456:in `call'
/Users/andrewhulsizer/.rvm/gems/ruby-1.9.2-p180@rails311/gems/railties-3.1.1/lib/rails/rack/content_length.rb:16:in `call'
/Users/andrewhulsizer/.rvm/gems/ruby-1.9.2-p180@rails311/gems/railties-3.1.1/lib/rails/rack/log_tailer.rb:14:in `call'
/Users/andrewhulsizer/.rvm/gems/ruby-1.9.2-p180@rails311/gems/rack-1.3.10/lib/rack/handler/webrick.rb:59:in `service'
/Users/andrewhulsizer/.rvm/rubies/ruby-1.9.2-p180/lib/ruby/1.9.1/webrick/httpserver.rb:111:in `service'
/Users/andrewhulsizer/.rvm/rubies/ruby-1.9.2-p180/lib/ruby/1.9.1/webrick/httpserver.rb:70:in `run'
/Users/andrewhulsizer/.rvm/rubies/ruby-1.9.2-p180/lib/ruby/1.9.1/webrick/server.rb:183:in `block in start_thread'
Rendered users/_form.html.erb (11.5ms)
Rendered users/new.html.erb within layouts/application (33.0ms)
Completed 500 Internal Server Error in 36ms

ActionView::Template::Error (/Users/andrewhulsizer/Documents/Projects/Web/Feeder/feeder/app/views/users/_form.html.erb:15: syntax error, unexpected ':'
...tput_buffer.append= ( f.label : id );@output_buffer.safe_con...
...                               ^
/Users/andrewhulsizer/Documents/Projects/Web/Feeder/feeder/app/views/users/_form.html.erb:16: syntax error, unexpected ':'
...buffer.append= ( f.text_field : id );@output_buffer.safe_con...
...                               ^):
    12:   <% end %>
    13: 
    14:   <div class="field">
    15:     <%= f.label : id %><br />
    16:     <%= f.text_field : id %>
    17:   </div>
    18:   <div class="field">
  app/views/users/new.html.erb:3:in `_app_views_users_new_html_erb__2526001736773169906_2169932140'
  app/controllers/users_controller.rb:29:in `new'

Rendered /Users/andrewhulsizer/.rvm/gems/ruby-1.9.2-p180@rails311/gems/actionpack-3.1.1/lib/action_dispatch/middleware/templates/rescues/_trace.erb (0.7ms)
Rendered /Users/andrewhulsizer/.rvm/gems/ruby-1.9.2-p180@rails311/gems/actionpack-3.1.1/lib/action_dispatch/middleware/templates/rescues/_request_and_response.erb (0.5ms)
Rendered /Users/andrewhulsizer/.rvm/gems/ruby-1.9.2-p180@rails311/gems/actionpack-3.1.1/lib/action_dispatch/middleware/templates/rescues/template_error.erb within rescues/layout (2.6ms)


Started GET "/users/new" for 127.0.0.1 at 2013-04-25 20:53:12 -0500
  Processing by UsersController#new as HTML
Rendered users/_form.html.erb (6.3ms)
Rendered users/new.html.erb within layouts/application (6.9ms)
Completed 200 OK in 11ms (Views: 10.7ms | ActiveRecord: 0.2ms)


Started GET "/assets/scaffolds.css?body=1" for 127.0.0.1 at 2013-04-25 20:53:12 -0500
Served asset /scaffolds.css - 304 Not Modified (0ms)


Started GET "/assets/application.css?body=1" for 127.0.0.1 at 2013-04-25 20:53:12 -0500
Served asset /application.css - 304 Not Modified (0ms)


Started GET "/assets/users.css?body=1" for 127.0.0.1 at 2013-04-25 20:53:12 -0500
Served asset /users.css - 304 Not Modified (0ms)


Started GET "/assets/jquery.js?body=1" for 127.0.0.1 at 2013-04-25 20:53:12 -0500
Served asset /jquery.js - 304 Not Modified (0ms)


Started GET "/assets/users.js?body=1" for 127.0.0.1 at 2013-04-25 20:53:12 -0500
Served asset /users.js - 304 Not Modified (0ms)


Started GET "/assets/jquery_ujs.js?body=1" for 127.0.0.1 at 2013-04-25 20:53:12 -0500
Served asset /jquery_ujs.js - 304 Not Modified (0ms)


Started GET "/assets/application.js?body=1" for 127.0.0.1 at 2013-04-25 20:53:12 -0500
Served asset /application.js - 304 Not Modified (0ms)


Started POST "/users" for 127.0.0.1 at 2013-04-25 20:53:35 -0500
  Processing by UsersController#create as HTML
  Parameters: {"utf8"=>"✓", "authenticity_token"=>"U97avSLif6xfQoaYiabkp2Js8P4iN1kY/usv5o1lut4=", "user"=>{"facebook_id"=>"63ylsjdfls92lapdjd2", "google_id"=>"", "twitter_id"=>""}, "commit"=>"Create User"}
  [1m[35mSQL (46.1ms)[0m  INSERT INTO "users" ("created_at", "facebook_id", "google_id", "twitter_id", "updated_at") VALUES (?, ?, ?, ?, ?)  [["created_at", Fri, 26 Apr 2013 01:53:35 UTC +00:00], ["facebook_id", #<BigDecimal:103da1d68,'0.63E2',9(18)>], ["google_id", nil], ["twitter_id", nil], ["updated_at", Fri, 26 Apr 2013 01:53:35 UTC +00:00]]
Redirected to http://localhost:3000/users/1
Completed 302 Found in 53ms


Started GET "/users/1" for 127.0.0.1 at 2013-04-25 20:53:36 -0500
  Processing by UsersController#show as HTML
  Parameters: {"id"=>"1"}
  [1m[36mUser Load (0.1ms)[0m  [1mSELECT "users".* FROM "users" WHERE "users"."id" = ? LIMIT 1[0m  [["id", "1"]]
Rendered users/show.html.erb within layouts/application (4.4ms)
Completed 200 OK in 10ms (Views: 8.3ms | ActiveRecord: 0.3ms)


Started GET "/assets/application.css?body=1" for 127.0.0.1 at 2013-04-25 20:53:36 -0500
Served asset /application.css - 304 Not Modified (0ms)


Started GET "/assets/jquery.js?body=1" for 127.0.0.1 at 2013-04-25 20:53:36 -0500
Served asset /jquery.js - 304 Not Modified (0ms)


Started GET "/assets/users.css?body=1" for 127.0.0.1 at 2013-04-25 20:53:36 -0500
Served asset /users.css - 304 Not Modified (0ms)


Started GET "/assets/jquery_ujs.js?body=1" for 127.0.0.1 at 2013-04-25 20:53:36 -0500
Served asset /jquery_ujs.js - 304 Not Modified (0ms)


Started GET "/assets/users.js?body=1" for 127.0.0.1 at 2013-04-25 20:53:36 -0500
Served asset /users.js - 304 Not Modified (0ms)


Started GET "/assets/scaffolds.css?body=1" for 127.0.0.1 at 2013-04-25 20:53:36 -0500
Served asset /scaffolds.css - 304 Not Modified (0ms)


Started GET "/assets/application.js?body=1" for 127.0.0.1 at 2013-04-25 20:53:36 -0500
Served asset /application.js - 304 Not Modified (0ms)
  [1m[36m (0.1ms)[0m  [1mSELECT "schema_migrations"."version" FROM "schema_migrations" [0m
Migrating to CreateUsers (20130426014601)
  [1m[35m (0.1ms)[0m  select sqlite_version(*)
  [1m[36m (0.1ms)[0m  [1mSELECT "schema_migrations"."version" FROM "schema_migrations" [0m
  [1m[35m (0.0ms)[0m  PRAGMA index_list("users")


Started GET "/users" for 127.0.0.1 at 2013-04-25 20:54:45 -0500
  Processing by UsersController#index as HTML
  [1m[36mUser Load (0.1ms)[0m  [1mSELECT "users".* FROM "users" [0m
Rendered users/index.html.erb within layouts/application (26.7ms)
Completed 200 OK in 57ms (Views: 55.7ms | ActiveRecord: 0.2ms)


Started DELETE "/users/1" for 127.0.0.1 at 2013-04-25 20:54:49 -0500
  Processing by UsersController#destroy as HTML
  Parameters: {"authenticity_token"=>"U97avSLif6xfQoaYiabkp2Js8P4iN1kY/usv5o1lut4=", "id"=>"1"}
  [1m[35mUser Load (0.2ms)[0m  SELECT "users".* FROM "users" WHERE "users"."id" = ? LIMIT 1  [["id", "1"]]
  [1m[36mSQL (7.3ms)[0m  [1mDELETE FROM "users" WHERE "users"."id" = ?[0m  [["id", 1]]
Redirected to http://localhost:3000/users
Completed 302 Found in 14ms


Started GET "/users" for 127.0.0.1 at 2013-04-25 20:54:49 -0500
  Processing by UsersController#index as HTML
  [1m[35mUser Load (0.1ms)[0m  SELECT "users".* FROM "users" 
Rendered users/index.html.erb within layouts/application (0.3ms)
Completed 200 OK in 5ms (Views: 4.3ms | ActiveRecord: 0.2ms)


Started GET "/assets/scaffolds.css?body=1" for 127.0.0.1 at 2013-04-25 20:54:49 -0500
Served asset /scaffolds.css - 304 Not Modified (1ms)


Started GET "/assets/users.css?body=1" for 127.0.0.1 at 2013-04-25 20:54:49 -0500
Served asset /users.css - 304 Not Modified (2ms)


Started GET "/assets/application.css?body=1" for 127.0.0.1 at 2013-04-25 20:54:49 -0500
Served asset /application.css - 304 Not Modified (0ms)


Started GET "/assets/jquery.js?body=1" for 127.0.0.1 at 2013-04-25 20:54:49 -0500
Served asset /jquery.js - 304 Not Modified (1ms)


Started GET "/assets/jquery_ujs.js?body=1" for 127.0.0.1 at 2013-04-25 20:54:49 -0500
Served asset /jquery_ujs.js - 304 Not Modified (1ms)


Started GET "/assets/users.js?body=1" for 127.0.0.1 at 2013-04-25 20:54:49 -0500
Served asset /users.js - 304 Not Modified (1ms)


Started GET "/assets/application.js?body=1" for 127.0.0.1 at 2013-04-25 20:54:49 -0500
Served asset /application.js - 304 Not Modified (0ms)


Started GET "/users/new" for 127.0.0.1 at 2013-04-25 20:54:51 -0500
  Processing by UsersController#new as HTML
Rendered users/_form.html.erb (5.6ms)
Rendered users/new.html.erb within layouts/application (11.2ms)
Completed 200 OK in 15ms (Views: 15.0ms | ActiveRecord: 0.1ms)


Started GET "/assets/application.css?body=1" for 127.0.0.1 at 2013-04-25 20:54:51 -0500
Served asset /application.css - 304 Not Modified (0ms)


Started GET "/assets/scaffolds.css?body=1" for 127.0.0.1 at 2013-04-25 20:54:51 -0500
Served asset /scaffolds.css - 304 Not Modified (0ms)


Started GET "/assets/users.css?body=1" for 127.0.0.1 at 2013-04-25 20:54:51 -0500
Served asset /users.css - 304 Not Modified (0ms)


Started GET "/assets/jquery_ujs.js?body=1" for 127.0.0.1 at 2013-04-25 20:54:51 -0500
Served asset /jquery_ujs.js - 304 Not Modified (0ms)


Started GET "/assets/users.js?body=1" for 127.0.0.1 at 2013-04-25 20:54:51 -0500
Served asset /users.js - 304 Not Modified (19ms)


Started GET "/assets/jquery.js?body=1" for 127.0.0.1 at 2013-04-25 20:54:51 -0500
Served asset /jquery.js - 304 Not Modified (0ms)


Started GET "/assets/application.js?body=1" for 127.0.0.1 at 2013-04-25 20:54:51 -0500
Served asset /application.js - 304 Not Modified (0ms)


Started POST "/users" for 127.0.0.1 at 2013-04-25 20:54:56 -0500
  Processing by UsersController#create as HTML
  Parameters: {"utf8"=>"✓", "authenticity_token"=>"U97avSLif6xfQoaYiabkp2Js8P4iN1kY/usv5o1lut4=", "user"=>{"facebook_id"=>"73729823kjwkjhsdf", "google_id"=>"", "twitter_id"=>""}, "commit"=>"Create User"}
  [1m[36mSQL (2.4ms)[0m  [1mINSERT INTO "users" ("created_at", "facebook_id", "google_id", "twitter_id", "updated_at") VALUES (?, ?, ?, ?, ?)[0m  [["created_at", Fri, 26 Apr 2013 01:54:56 UTC +00:00], ["facebook_id", #<BigDecimal:1059b6788,'0.73729823E8',9(18)>], ["google_id", nil], ["twitter_id", nil], ["updated_at", Fri, 26 Apr 2013 01:54:56 UTC +00:00]]
Redirected to http://localhost:3000/users/2
Completed 302 Found in 9ms


Started GET "/users/2" for 127.0.0.1 at 2013-04-25 20:54:56 -0500
  Processing by UsersController#show as HTML
  Parameters: {"id"=>"2"}
  [1m[35mUser Load (0.1ms)[0m  SELECT "users".* FROM "users" WHERE "users"."id" = ? LIMIT 1  [["id", "2"]]
Rendered users/show.html.erb within layouts/application (4.2ms)
Completed 200 OK in 9ms (Views: 8.2ms | ActiveRecord: 0.3ms)


Started GET "/assets/application.css?body=1" for 127.0.0.1 at 2013-04-25 20:54:56 -0500
Served asset /application.css - 304 Not Modified (0ms)


Started GET "/assets/scaffolds.css?body=1" for 127.0.0.1 at 2013-04-25 20:54:56 -0500
Served asset /scaffolds.css - 304 Not Modified (0ms)


Started GET "/assets/users.css?body=1" for 127.0.0.1 at 2013-04-25 20:54:56 -0500
Served asset /users.css - 304 Not Modified (0ms)


Started GET "/assets/jquery.js?body=1" for 127.0.0.1 at 2013-04-25 20:54:56 -0500
Served asset /jquery.js - 304 Not Modified (0ms)


Started GET "/assets/jquery_ujs.js?body=1" for 127.0.0.1 at 2013-04-25 20:54:56 -0500
Served asset /jquery_ujs.js - 304 Not Modified (0ms)


Started GET "/assets/users.js?body=1" for 127.0.0.1 at 2013-04-25 20:54:56 -0500
Served asset /users.js - 304 Not Modified (0ms)


Started GET "/assets/application.js?body=1" for 127.0.0.1 at 2013-04-25 20:54:56 -0500
Served asset /application.js - 304 Not Modified (0ms)


Started GET "/users/2/edit" for 127.0.0.1 at 2013-04-25 20:55:02 -0500
  Processing by UsersController#edit as HTML
  Parameters: {"id"=>"2"}
  [1m[36mUser Load (0.1ms)[0m  [1mSELECT "users".* FROM "users" WHERE "users"."id" = ? LIMIT 1[0m  [["id", "2"]]
Rendered users/_form.html.erb (4.7ms)
Rendered users/edit.html.erb within layouts/application (5.9ms)
Completed 200 OK in 11ms (Views: 9.7ms | ActiveRecord: 0.3ms)


Started GET "/assets/scaffolds.css?body=1" for 127.0.0.1 at 2013-04-25 20:55:02 -0500
Served asset /scaffolds.css - 304 Not Modified (0ms)


Started GET "/assets/application.css?body=1" for 127.0.0.1 at 2013-04-25 20:55:02 -0500
Served asset /application.css - 304 Not Modified (0ms)


Started GET "/assets/users.css?body=1" for 127.0.0.1 at 2013-04-25 20:55:02 -0500
Served asset /users.css - 304 Not Modified (0ms)


Started GET "/assets/jquery_ujs.js?body=1" for 127.0.0.1 at 2013-04-25 20:55:02 -0500
Served asset /jquery_ujs.js - 304 Not Modified (0ms)


Started GET "/assets/users.js?body=1" for 127.0.0.1 at 2013-04-25 20:55:02 -0500
Served asset /users.js - 304 Not Modified (0ms)


Started GET "/assets/jquery.js?body=1" for 127.0.0.1 at 2013-04-25 20:55:02 -0500
Served asset /jquery.js - 304 Not Modified (0ms)


Started GET "/assets/application.js?body=1" for 127.0.0.1 at 2013-04-25 20:55:02 -0500
Served asset /application.js - 304 Not Modified (0ms)


Started PUT "/users/2" for 127.0.0.1 at 2013-04-25 20:56:41 -0500
  Processing by UsersController#update as HTML
  Parameters: {"utf8"=>"✓", "authenticity_token"=>"U97avSLif6xfQoaYiabkp2Js8P4iN1kY/usv5o1lut4=", "user"=>{"facebook_id"=>"73729823hghyjkol", "google_id"=>"", "twitter_id"=>""}, "commit"=>"Update User", "id"=>"2"}
  [1m[35mUser Load (0.1ms)[0m  SELECT "users".* FROM "users" WHERE "users"."id" = ? LIMIT 1  [["id", "2"]]
Redirected to http://localhost:3000/users/2
Completed 302 Found in 6ms


Started GET "/users/2" for 127.0.0.1 at 2013-04-25 20:56:41 -0500
  Processing by UsersController#show as HTML
  Parameters: {"id"=>"2"}
  [1m[36mUser Load (0.1ms)[0m  [1mSELECT "users".* FROM "users" WHERE "users"."id" = ? LIMIT 1[0m  [["id", "2"]]
Rendered users/show.html.erb within layouts/application (3.9ms)
Completed 200 OK in 9ms (Views: 8.2ms | ActiveRecord: 0.3ms)


Started GET "/assets/application.css?body=1" for 127.0.0.1 at 2013-04-25 20:56:42 -0500
Served asset /application.css - 304 Not Modified (0ms)


Started GET "/assets/scaffolds.css?body=1" for 127.0.0.1 at 2013-04-25 20:56:42 -0500
Served asset /scaffolds.css - 304 Not Modified (0ms)


Started GET "/assets/users.css?body=1" for 127.0.0.1 at 2013-04-25 20:56:42 -0500
Served asset /users.css - 304 Not Modified (0ms)


Started GET "/assets/jquery.js?body=1" for 127.0.0.1 at 2013-04-25 20:56:42 -0500
Served asset /jquery.js - 304 Not Modified (0ms)


Started GET "/assets/application.js?body=1" for 127.0.0.1 at 2013-04-25 20:56:42 -0500
Served asset /application.js - 304 Not Modified (0ms)


Started GET "/assets/users.js?body=1" for 127.0.0.1 at 2013-04-25 20:56:42 -0500
Served asset /users.js - 304 Not Modified (0ms)


Started GET "/assets/jquery_ujs.js?body=1" for 127.0.0.1 at 2013-04-25 20:56:42 -0500
Served asset /jquery_ujs.js - 304 Not Modified (0ms)
  [1m[36m (0.1ms)[0m  [1mSELECT "schema_migrations"."version" FROM "schema_migrations" [0m
Migrating to CreateUsers (20130426014601)
  [1m[35m (0.1ms)[0m  select sqlite_version(*)
  [1m[36m (0.1ms)[0m  [1mSELECT "schema_migrations"."version" FROM "schema_migrations" [0m
  [1m[35m (0.0ms)[0m  PRAGMA index_list("users")


Started GET "/assets/rails.png" for 127.0.0.1 at 2013-04-25 20:59:09 -0500
Served asset /rails.png - 304 Not Modified (1ms)


Started GET "/users" for 127.0.0.1 at 2013-04-25 20:59:14 -0500
  Processing by UsersController#index as HTML
  [1m[36mUser Load (0.1ms)[0m  [1mSELECT "users".* FROM "users" [0m
Rendered users/index.html.erb within layouts/application (11.7ms)
Completed 200 OK in 41ms (Views: 39.7ms | ActiveRecord: 0.2ms)


Started GET "/assets/scaffolds.css?body=1" for 127.0.0.1 at 2013-04-25 20:59:15 -0500
Served asset /scaffolds.css - 304 Not Modified (3ms)


Started GET "/assets/users.css?body=1" for 127.0.0.1 at 2013-04-25 20:59:15 -0500
Served asset /users.css - 304 Not Modified (1ms)


Started GET "/assets/jquery.js?body=1" for 127.0.0.1 at 2013-04-25 20:59:15 -0500
Served asset /jquery.js - 304 Not Modified (3ms)


Started GET "/assets/jquery_ujs.js?body=1" for 127.0.0.1 at 2013-04-25 20:59:15 -0500
Served asset /jquery_ujs.js - 304 Not Modified (1ms)


Started GET "/assets/application.css?body=1" for 127.0.0.1 at 2013-04-25 20:59:15 -0500
Served asset /application.css - 304 Not Modified (0ms)


Started GET "/assets/users.js?body=1" for 127.0.0.1 at 2013-04-25 20:59:15 -0500
Served asset /users.js - 304 Not Modified (1ms)


Started GET "/assets/application.js?body=1" for 127.0.0.1 at 2013-04-25 20:59:15 -0500
Served asset /application.js - 304 Not Modified (0ms)


Started DELETE "/users/2" for 127.0.0.1 at 2013-04-25 20:59:24 -0500
  Processing by UsersController#destroy as HTML
  Parameters: {"authenticity_token"=>"U97avSLif6xfQoaYiabkp2Js8P4iN1kY/usv5o1lut4=", "id"=>"2"}
  [1m[35mUser Load (0.1ms)[0m  SELECT "users".* FROM "users" WHERE "users"."id" = ? LIMIT 1  [["id", "2"]]
  [1m[36mSQL (7.2ms)[0m  [1mDELETE FROM "users" WHERE "users"."id" = ?[0m  [["id", 2]]
Redirected to http://localhost:3000/users
Completed 302 Found in 14ms


Started GET "/users" for 127.0.0.1 at 2013-04-25 20:59:24 -0500
  Processing by UsersController#index as HTML
  [1m[35mUser Load (0.1ms)[0m  SELECT "users".* FROM "users" 
Rendered users/index.html.erb within layouts/application (0.3ms)
Completed 200 OK in 5ms (Views: 4.2ms | ActiveRecord: 0.1ms)


Started GET "/assets/scaffolds.css?body=1" for 127.0.0.1 at 2013-04-25 20:59:24 -0500
Served asset /scaffolds.css - 304 Not Modified (0ms)


Started GET "/assets/application.css?body=1" for 127.0.0.1 at 2013-04-25 20:59:24 -0500
Served asset /application.css - 304 Not Modified (0ms)


Started GET "/assets/jquery.js?body=1" for 127.0.0.1 at 2013-04-25 20:59:24 -0500
Served asset /jquery.js - 304 Not Modified (0ms)


Started GET "/assets/jquery_ujs.js?body=1" for 127.0.0.1 at 2013-04-25 20:59:24 -0500
Served asset /jquery_ujs.js - 304 Not Modified (0ms)


Started GET "/assets/users.js?body=1" for 127.0.0.1 at 2013-04-25 20:59:24 -0500
Served asset /users.js - 304 Not Modified (0ms)


Started GET "/assets/users.css?body=1" for 127.0.0.1 at 2013-04-25 20:59:24 -0500
Served asset /users.css - 304 Not Modified (0ms)


Started GET "/assets/application.js?body=1" for 127.0.0.1 at 2013-04-25 20:59:24 -0500
Served asset /application.js - 304 Not Modified (0ms)


Started GET "/users" for 127.0.0.1 at 2013-04-25 21:00:02 -0500
  Processing by UsersController#index as HTML
  [1m[36mUser Load (0.1ms)[0m  [1mSELECT "users".* FROM "users" [0m
Rendered users/index.html.erb within layouts/application (0.7ms)
Completed 200 OK in 5ms (Views: 4.7ms | ActiveRecord: 0.1ms)


Started GET "/assets/application.css?body=1" for 127.0.0.1 at 2013-04-25 21:00:02 -0500
Served asset /application.css - 304 Not Modified (0ms)


Started GET "/assets/scaffolds.css?body=1" for 127.0.0.1 at 2013-04-25 21:00:02 -0500
Served asset /scaffolds.css - 304 Not Modified (0ms)


Started GET "/assets/users.css?body=1" for 127.0.0.1 at 2013-04-25 21:00:02 -0500
Served asset /users.css - 304 Not Modified (0ms)


Started GET "/assets/jquery.js?body=1" for 127.0.0.1 at 2013-04-25 21:00:02 -0500
Served asset /jquery.js - 304 Not Modified (0ms)


Started GET "/assets/application.js?body=1" for 127.0.0.1 at 2013-04-25 21:00:02 -0500
Served asset /application.js - 304 Not Modified (0ms)


Started GET "/assets/jquery_ujs.js?body=1" for 127.0.0.1 at 2013-04-25 21:00:02 -0500
Served asset /jquery_ujs.js - 304 Not Modified (0ms)


Started GET "/assets/users.js?body=1" for 127.0.0.1 at 2013-04-25 21:00:02 -0500
Served asset /users.js - 304 Not Modified (0ms)


Started GET "/users" for 127.0.0.1 at 2013-04-25 21:00:15 -0500
  Processing by UsersController#index as HTML
  [1m[35mUser Load (0.1ms)[0m  SELECT "users".* FROM "users" 
Rendered users/index.html.erb within layouts/application (0.7ms)
Completed 200 OK in 6ms (Views: 4.8ms | ActiveRecord: 0.1ms)


Started GET "/assets/application.css?body=1" for 127.0.0.1 at 2013-04-25 21:00:15 -0500
Served asset /application.css - 304 Not Modified (0ms)


Started GET "/assets/users.css?body=1" for 127.0.0.1 at 2013-04-25 21:00:15 -0500
Served asset /users.css - 304 Not Modified (0ms)


Started GET "/assets/scaffolds.css?body=1" for 127.0.0.1 at 2013-04-25 21:00:15 -0500
Served asset /scaffolds.css - 304 Not Modified (0ms)


Started GET "/assets/jquery.js?body=1" for 127.0.0.1 at 2013-04-25 21:00:15 -0500
Served asset /jquery.js - 304 Not Modified (0ms)


Started GET "/assets/jquery_ujs.js?body=1" for 127.0.0.1 at 2013-04-25 21:00:15 -0500
Served asset /jquery_ujs.js - 304 Not Modified (0ms)


Started GET "/assets/users.js?body=1" for 127.0.0.1 at 2013-04-25 21:00:15 -0500
Served asset /users.js - 304 Not Modified (0ms)


Started GET "/assets/application.js?body=1" for 127.0.0.1 at 2013-04-25 21:00:15 -0500
Served asset /application.js - 304 Not Modified (0ms)


Started GET "/users/new" for 127.0.0.1 at 2013-04-25 21:00:32 -0500
  Processing by UsersController#new as HTML
Rendered users/_form.html.erb (5.5ms)
Rendered users/new.html.erb within layouts/application (11.1ms)
Completed 200 OK in 15ms (Views: 14.8ms | ActiveRecord: 0.1ms)


Started GET "/assets/application.css?body=1" for 127.0.0.1 at 2013-04-25 21:00:32 -0500
Served asset /application.css - 304 Not Modified (0ms)


Started GET "/assets/scaffolds.css?body=1" for 127.0.0.1 at 2013-04-25 21:00:32 -0500
Served asset /scaffolds.css - 304 Not Modified (0ms)


Started GET "/assets/jquery.js?body=1" for 127.0.0.1 at 2013-04-25 21:00:32 -0500
Served asset /jquery.js - 304 Not Modified (0ms)


Started GET "/assets/jquery_ujs.js?body=1" for 127.0.0.1 at 2013-04-25 21:00:32 -0500
Served asset /jquery_ujs.js - 304 Not Modified (0ms)


Started GET "/assets/users.js?body=1" for 127.0.0.1 at 2013-04-25 21:00:32 -0500
Served asset /users.js - 304 Not Modified (0ms)


Started GET "/assets/users.css?body=1" for 127.0.0.1 at 2013-04-25 21:00:32 -0500
Served asset /users.css - 304 Not Modified (0ms)


Started GET "/assets/application.js?body=1" for 127.0.0.1 at 2013-04-25 21:00:32 -0500
Served asset /application.js - 304 Not Modified (0ms)
  [1m[36m (0.1ms)[0m  [1mSELECT "schema_migrations"."version" FROM "schema_migrations" [0m
Migrating to CreateUsers (20130426014601)
  [1m[35m (0.1ms)[0m  select sqlite_version(*)
  [1m[36m (0.1ms)[0m  [1mSELECT "schema_migrations"."version" FROM "schema_migrations" [0m
  [1m[35m (0.0ms)[0m  PRAGMA index_list("users")
  [1m[36m (0.1ms)[0m  [1mSELECT "schema_migrations"."version" FROM "schema_migrations" [0m
Migrating to CreateUsers (20130426014601)
Migrating to MyNewMigration (20130426021119)
  [1m[35m (0.0ms)[0m  select sqlite_version(*)
  [1m[36m (0.4ms)[0m  [1mCREATE TEMPORARY TABLE "altered_users" ("id" INTEGER PRIMARY KEY AUTOINCREMENT NOT NULL, "facebook_id" decimal, "google_id" decimal, "twitter_id" decimal, "created_at" datetime, "updated_at" datetime) [0m
  [1m[35m (0.0ms)[0m  PRAGMA index_list("users")
  [1m[36m (0.1ms)[0m  [1mSELECT * FROM "users"[0m
  [1m[35m (0.2ms)[0m  DROP TABLE "users"
  [1m[36m (0.1ms)[0m  [1mCREATE TABLE "users" ("id" INTEGER PRIMARY KEY AUTOINCREMENT NOT NULL, "facebook_id" varchar(255), "google_id" decimal, "twitter_id" decimal, "created_at" datetime, "updated_at" datetime) [0m
  [1m[35m (0.0ms)[0m  PRAGMA index_list("altered_users")
  [1m[36m (0.0ms)[0m  [1mSELECT * FROM "altered_users"[0m
  [1m[35m (0.2ms)[0m  DROP TABLE "altered_users"
  [1m[36m (0.1ms)[0m  [1mCREATE TEMPORARY TABLE "altered_users" ("id" INTEGER PRIMARY KEY AUTOINCREMENT NOT NULL, "facebook_id" varchar(255), "google_id" decimal, "twitter_id" decimal, "created_at" datetime, "updated_at" datetime) [0m
  [1m[35m (0.0ms)[0m  PRAGMA index_list("users")
  [1m[36m (0.0ms)[0m  [1mSELECT * FROM "users"[0m
  [1m[35m (0.2ms)[0m  DROP TABLE "users"
  [1m[36m (0.1ms)[0m  [1mCREATE TABLE "users" ("id" INTEGER PRIMARY KEY AUTOINCREMENT NOT NULL, "facebook_id" varchar(255), "google_id" varchar(255), "twitter_id" decimal, "created_at" datetime, "updated_at" datetime) [0m
  [1m[35m (0.0ms)[0m  PRAGMA index_list("altered_users")
  [1m[36m (0.0ms)[0m  [1mSELECT * FROM "altered_users"[0m
  [1m[35m (0.1ms)[0m  DROP TABLE "altered_users"
  [1m[36m (0.1ms)[0m  [1mCREATE TEMPORARY TABLE "altered_users" ("id" INTEGER PRIMARY KEY AUTOINCREMENT NOT NULL, "facebook_id" varchar(255), "google_id" varchar(255), "twitter_id" decimal, "created_at" datetime, "updated_at" datetime) [0m
  [1m[35m (0.0ms)[0m  PRAGMA index_list("users")
  [1m[36m (0.0ms)[0m  [1mSELECT * FROM "users"[0m
  [1m[35m (0.1ms)[0m  DROP TABLE "users"
  [1m[36m (0.1ms)[0m  [1mCREATE TABLE "users" ("id" INTEGER PRIMARY KEY AUTOINCREMENT NOT NULL, "facebook_id" varchar(255), "google_id" varchar(255), "twitter_id" varchar(255), "created_at" datetime, "updated_at" datetime) [0m
  [1m[35m (0.0ms)[0m  PRAGMA index_list("altered_users")
  [1m[36m (0.0ms)[0m  [1mSELECT * FROM "altered_users"[0m
  [1m[35m (0.1ms)[0m  DROP TABLE "altered_users"
  [1m[36m (0.1ms)[0m  [1mINSERT INTO "schema_migrations" ("version") VALUES ('20130426021119')[0m
  [1m[35m (0.2ms)[0m  select sqlite_version(*)
  [1m[36m (0.1ms)[0m  [1mSELECT "schema_migrations"."version" FROM "schema_migrations" [0m
  [1m[35m (0.0ms)[0m  PRAGMA index_list("users")


Started GET "/users" for 127.0.0.1 at 2013-04-25 21:14:46 -0500
  Processing by UsersController#index as HTML
  [1m[36mUser Load (0.1ms)[0m  [1mSELECT "users".* FROM "users" [0m
Rendered users/index.html.erb within layouts/application (6.7ms)
Completed 200 OK in 52ms (Views: 51.3ms | ActiveRecord: 0.1ms)


Started GET "/assets/application.css?body=1" for 127.0.0.1 at 2013-04-25 21:14:47 -0500
Served asset /application.css - 304 Not Modified (0ms)


Started GET "/assets/scaffolds.css?body=1" for 127.0.0.1 at 2013-04-25 21:14:47 -0500
Served asset /scaffolds.css - 304 Not Modified (3ms)


Started GET "/assets/users.css?body=1" for 127.0.0.1 at 2013-04-25 21:14:47 -0500
Served asset /users.css - 304 Not Modified (2ms)


Started GET "/assets/jquery.js?body=1" for 127.0.0.1 at 2013-04-25 21:14:47 -0500
Served asset /jquery.js - 304 Not Modified (2ms)


Started GET "/assets/jquery_ujs.js?body=1" for 127.0.0.1 at 2013-04-25 21:14:47 -0500
Served asset /jquery_ujs.js - 304 Not Modified (1ms)


Started GET "/assets/users.js?body=1" for 127.0.0.1 at 2013-04-25 21:14:47 -0500
Served asset /users.js - 304 Not Modified (1ms)


Started GET "/assets/application.js?body=1" for 127.0.0.1 at 2013-04-25 21:14:47 -0500
Served asset /application.js - 304 Not Modified (0ms)


Started GET "/users/new" for 127.0.0.1 at 2013-04-25 21:14:48 -0500
  Processing by UsersController#new as HTML
Rendered users/_form.html.erb (22.6ms)
Rendered users/new.html.erb within layouts/application (28.2ms)
Completed 200 OK in 32ms (Views: 31.8ms | ActiveRecord: 0.1ms)


Started GET "/assets/scaffolds.css?body=1" for 127.0.0.1 at 2013-04-25 21:14:48 -0500
Served asset /scaffolds.css - 304 Not Modified (0ms)


Started GET "/assets/application.css?body=1" for 127.0.0.1 at 2013-04-25 21:14:48 -0500
Served asset /application.css - 304 Not Modified (0ms)


Started GET "/assets/users.css?body=1" for 127.0.0.1 at 2013-04-25 21:14:48 -0500
Served asset /users.css - 304 Not Modified (0ms)


Started GET "/assets/jquery.js?body=1" for 127.0.0.1 at 2013-04-25 21:14:48 -0500
Served asset /jquery.js - 304 Not Modified (0ms)


Started GET "/assets/jquery_ujs.js?body=1" for 127.0.0.1 at 2013-04-25 21:14:48 -0500
Served asset /jquery_ujs.js - 304 Not Modified (0ms)


Started GET "/assets/users.js?body=1" for 127.0.0.1 at 2013-04-25 21:14:48 -0500
Served asset /users.js - 304 Not Modified (0ms)


Started GET "/assets/application.js?body=1" for 127.0.0.1 at 2013-04-25 21:14:48 -0500
Served asset /application.js - 304 Not Modified (0ms)


Started POST "/users" for 127.0.0.1 at 2013-04-25 21:14:52 -0500
  Processing by UsersController#create as HTML
  Parameters: {"utf8"=>"✓", "authenticity_token"=>"U97avSLif6xfQoaYiabkp2Js8P4iN1kY/usv5o1lut4=", "user"=>{"facebook_id"=>"234sdfgdsfgert", "google_id"=>"", "twitter_id"=>""}, "commit"=>"Create User"}
  [1m[35mSQL (8.3ms)[0m  INSERT INTO "users" ("created_at", "facebook_id", "google_id", "twitter_id", "updated_at") VALUES (?, ?, ?, ?, ?)  [["created_at", Fri, 26 Apr 2013 02:14:52 UTC +00:00], ["facebook_id", "234sdfgdsfgert"], ["google_id", ""], ["twitter_id", ""], ["updated_at", Fri, 26 Apr 2013 02:14:52 UTC +00:00]]
Redirected to http://localhost:3000/users/1
Completed 302 Found in 15ms


Started GET "/users/1" for 127.0.0.1 at 2013-04-25 21:14:52 -0500
  Processing by UsersController#show as HTML
  Parameters: {"id"=>"1"}
  [1m[36mUser Load (0.1ms)[0m  [1mSELECT "users".* FROM "users" WHERE "users"."id" = ? LIMIT 1[0m  [["id", "1"]]
Rendered users/show.html.erb within layouts/application (4.1ms)
Completed 200 OK in 9ms (Views: 7.9ms | ActiveRecord: 0.3ms)


Started GET "/assets/application.css?body=1" for 127.0.0.1 at 2013-04-25 21:14:52 -0500
Served asset /application.css - 304 Not Modified (0ms)


Started GET "/assets/scaffolds.css?body=1" for 127.0.0.1 at 2013-04-25 21:14:52 -0500
Served asset /scaffolds.css - 304 Not Modified (0ms)


Started GET "/assets/users.css?body=1" for 127.0.0.1 at 2013-04-25 21:14:52 -0500
Served asset /users.css - 304 Not Modified (0ms)


Started GET "/assets/jquery_ujs.js?body=1" for 127.0.0.1 at 2013-04-25 21:14:52 -0500
Served asset /jquery_ujs.js - 304 Not Modified (0ms)


Started GET "/assets/jquery.js?body=1" for 127.0.0.1 at 2013-04-25 21:14:52 -0500
Served asset /jquery.js - 304 Not Modified (0ms)


Started GET "/assets/users.js?body=1" for 127.0.0.1 at 2013-04-25 21:14:52 -0500
Served asset /users.js - 304 Not Modified (0ms)


Started GET "/assets/application.js?body=1" for 127.0.0.1 at 2013-04-25 21:14:52 -0500
Served asset /application.js - 304 Not Modified (19ms)


Started GET "/users" for 127.0.0.1 at 2013-04-25 21:14:55 -0500
  Processing by UsersController#index as HTML
  [1m[35mUser Load (0.1ms)[0m  SELECT "users".* FROM "users" 
Rendered users/index.html.erb within layouts/application (5.0ms)
Completed 200 OK in 10ms (Views: 9.0ms | ActiveRecord: 0.2ms)


Started GET "/assets/scaffolds.css?body=1" for 127.0.0.1 at 2013-04-25 21:14:55 -0500
Served asset /scaffolds.css - 304 Not Modified (0ms)


Started GET "/assets/application.css?body=1" for 127.0.0.1 at 2013-04-25 21:14:55 -0500
Served asset /application.css - 304 Not Modified (0ms)


Started GET "/assets/users.css?body=1" for 127.0.0.1 at 2013-04-25 21:14:55 -0500
Served asset /users.css - 304 Not Modified (0ms)


Started GET "/assets/jquery.js?body=1" for 127.0.0.1 at 2013-04-25 21:14:55 -0500
Served asset /jquery.js - 304 Not Modified (0ms)


Started GET "/assets/jquery_ujs.js?body=1" for 127.0.0.1 at 2013-04-25 21:14:55 -0500
Served asset /jquery_ujs.js - 304 Not Modified (0ms)


Started GET "/assets/users.js?body=1" for 127.0.0.1 at 2013-04-25 21:14:55 -0500
Served asset /users.js - 304 Not Modified (0ms)


Started GET "/assets/application.js?body=1" for 127.0.0.1 at 2013-04-25 21:14:55 -0500
Served asset /application.js - 304 Not Modified (0ms)


Started GET "/users/new?facebook_id=ljsdflkjsdflkjs" for 127.0.0.1 at 2013-04-25 21:23:54 -0500
  Processing by UsersController#new as HTML
  Parameters: {"facebook_id"=>"ljsdflkjsdflkjs"}
Rendered users/_form.html.erb (5.1ms)
Rendered users/new.html.erb within layouts/application (29.2ms)
Completed 200 OK in 86ms (Views: 85.3ms | ActiveRecord: 0.2ms)


Started GET "/assets/users.css?body=1" for 127.0.0.1 at 2013-04-25 21:23:54 -0500
Served asset /users.css - 304 Not Modified (0ms)


Started GET "/assets/application.css?body=1" for 127.0.0.1 at 2013-04-25 21:23:54 -0500
Served asset /application.css - 304 Not Modified (0ms)


Started GET "/assets/scaffolds.css?body=1" for 127.0.0.1 at 2013-04-25 21:23:54 -0500
Served asset /scaffolds.css - 304 Not Modified (0ms)


Started GET "/assets/jquery.js?body=1" for 127.0.0.1 at 2013-04-25 21:23:54 -0500
Served asset /jquery.js - 304 Not Modified (0ms)


Started GET "/assets/jquery_ujs.js?body=1" for 127.0.0.1 at 2013-04-25 21:23:54 -0500
Served asset /jquery_ujs.js - 304 Not Modified (0ms)


Started GET "/assets/users.js?body=1" for 127.0.0.1 at 2013-04-25 21:23:54 -0500
Served asset /users.js - 304 Not Modified (0ms)


Started GET "/assets/application.js?body=1" for 127.0.0.1 at 2013-04-25 21:23:54 -0500
Served asset /application.js - 304 Not Modified (0ms)


Started GET "/users/new.json" for 127.0.0.1 at 2013-04-25 21:25:30 -0500
  Processing by UsersController#new as JSON
Completed 200 OK in 5ms (Views: 4.0ms | ActiveRecord: 0.1ms)


Started GET "/users/new.json?facebook_id=sdf234" for 127.0.0.1 at 2013-04-25 21:26:05 -0500
  Processing by UsersController#new as JSON
  Parameters: {"facebook_id"=>"sdf234"}
Completed 200 OK in 5ms (Views: 4.3ms | ActiveRecord: 0.1ms)


Started GET "/users/new.json?%22facebook_id%22=%22sdf234%22" for 127.0.0.1 at 2013-04-25 21:26:15 -0500
  Processing by UsersController#new as JSON
  Parameters: {"\"facebook_id\""=>"\"sdf234\""}
Completed 200 OK in 5ms (Views: 4.1ms | ActiveRecord: 0.1ms)


Started GET "/users/new.json?facebook_id=%22sdf234%22" for 127.0.0.1 at 2013-04-25 21:29:14 -0500
  Processing by UsersController#new as JSON
  Parameters: {"facebook_id"=>"\"sdf234\""}
Completed 200 OK in 5ms (Views: 0.7ms | ActiveRecord: 0.1ms)


Started GET "/users/new.json?facebook_id=sdf234" for 127.0.0.1 at 2013-04-25 21:29:22 -0500
  Processing by UsersController#new as JSON
  Parameters: {"facebook_id"=>"sdf234"}
Completed 200 OK in 5ms (Views: 0.7ms | ActiveRecord: 0.1ms)


Started GET "/users" for 127.0.0.1 at 2013-04-25 21:29:29 -0500
  Processing by UsersController#index as HTML
  [1m[36mUser Load (0.1ms)[0m  [1mSELECT "users".* FROM "users" [0m
Rendered users/index.html.erb within layouts/application (10.8ms)
Completed 200 OK in 80ms (Views: 78.8ms | ActiveRecord: 0.3ms)


Started GET "/assets/application.css?body=1" for 127.0.0.1 at 2013-04-25 21:29:29 -0500
Served asset /application.css - 304 Not Modified (0ms)


Started GET "/assets/users.css?body=1" for 127.0.0.1 at 2013-04-25 21:29:29 -0500
Served asset /users.css - 304 Not Modified (1ms)


Started GET "/assets/jquery.js?body=1" for 127.0.0.1 at 2013-04-25 21:29:29 -0500
Served asset /jquery.js - 304 Not Modified (3ms)


Started GET "/assets/users.js?body=1" for 127.0.0.1 at 2013-04-25 21:29:29 -0500
Served asset /users.js - 304 Not Modified (1ms)


Started GET "/assets/jquery_ujs.js?body=1" for 127.0.0.1 at 2013-04-25 21:29:29 -0500
Served asset /jquery_ujs.js - 304 Not Modified (1ms)


Started GET "/assets/scaffolds.css?body=1" for 127.0.0.1 at 2013-04-25 21:29:29 -0500
Served asset /scaffolds.css - 304 Not Modified (1ms)


Started GET "/assets/application.js?body=1" for 127.0.0.1 at 2013-04-25 21:29:29 -0500
Served asset /application.js - 304 Not Modified (0ms)


Started GET "/users/new?facebook_id=sdf234" for 127.0.0.1 at 2013-04-25 21:29:44 -0500
  Processing by UsersController#new as HTML
  Parameters: {"facebook_id"=>"sdf234"}
Rendered users/_form.html.erb (2.2ms)
Rendered users/new.html.erb within layouts/application (8.4ms)
Completed 200 OK in 16ms (Views: 12.4ms | ActiveRecord: 0.1ms)


Started GET "/assets/scaffolds.css?body=1" for 127.0.0.1 at 2013-04-25 21:29:44 -0500
Served asset /scaffolds.css - 304 Not Modified (0ms)


Started GET "/assets/users.css?body=1" for 127.0.0.1 at 2013-04-25 21:29:44 -0500
Served asset /users.css - 304 Not Modified (0ms)


Started GET "/assets/jquery.js?body=1" for 127.0.0.1 at 2013-04-25 21:29:44 -0500
Served asset /jquery.js - 304 Not Modified (0ms)


Started GET "/assets/jquery_ujs.js?body=1" for 127.0.0.1 at 2013-04-25 21:29:44 -0500
Served asset /jquery_ujs.js - 304 Not Modified (0ms)


Started GET "/assets/users.js?body=1" for 127.0.0.1 at 2013-04-25 21:29:44 -0500
Served asset /users.js - 304 Not Modified (0ms)


Started GET "/assets/application.css?body=1" for 127.0.0.1 at 2013-04-25 21:29:44 -0500
Served asset /application.css - 304 Not Modified (0ms)


Started GET "/assets/application.js?body=1" for 127.0.0.1 at 2013-04-25 21:29:44 -0500
Served asset /application.js - 304 Not Modified (0ms)


Started GET "/users/create?facebook_id=sdf234" for 127.0.0.1 at 2013-04-25 21:30:54 -0500
  Processing by UsersController#show as HTML
  Parameters: {"facebook_id"=>"sdf234", "id"=>"create"}
  [1m[35mUser Load (0.1ms)[0m  SELECT "users".* FROM "users" WHERE "users"."id" = ? LIMIT 1  [["id", "create"]]
Completed 404 Not Found in 2ms

ActiveRecord::RecordNotFound (Couldn't find User with id=create):
  app/controllers/users_controller.rb:16:in `show'

Rendered /Users/andrewhulsizer/.rvm/gems/ruby-1.9.2-p180@rails311/gems/actionpack-3.1.1/lib/action_dispatch/middleware/templates/rescues/_trace.erb (0.8ms)
Rendered /Users/andrewhulsizer/.rvm/gems/ruby-1.9.2-p180@rails311/gems/actionpack-3.1.1/lib/action_dispatch/middleware/templates/rescues/_request_and_response.erb (0.6ms)
Rendered /Users/andrewhulsizer/.rvm/gems/ruby-1.9.2-p180@rails311/gems/actionpack-3.1.1/lib/action_dispatch/middleware/templates/rescues/diagnostics.erb within rescues/layout (2.7ms)


Started GET "/users?facebook_id=sdf234" for 127.0.0.1 at 2013-04-25 21:31:04 -0500
  Processing by UsersController#index as HTML
  Parameters: {"facebook_id"=>"sdf234"}
  [1m[36mUser Load (0.1ms)[0m  [1mSELECT "users".* FROM "users" [0m
Rendered users/index.html.erb within layouts/application (4.6ms)
Completed 200 OK in 10ms (Views: 8.6ms | ActiveRecord: 0.3ms)


Started GET "/assets/application.css?body=1" for 127.0.0.1 at 2013-04-25 21:31:04 -0500
Served asset /application.css - 304 Not Modified (0ms)


Started GET "/assets/users.css?body=1" for 127.0.0.1 at 2013-04-25 21:31:04 -0500
Served asset /users.css - 304 Not Modified (0ms)


Started GET "/assets/jquery_ujs.js?body=1" for 127.0.0.1 at 2013-04-25 21:31:04 -0500
Served asset /jquery_ujs.js - 304 Not Modified (0ms)


Started GET "/assets/jquery.js?body=1" for 127.0.0.1 at 2013-04-25 21:31:04 -0500
Served asset /jquery.js - 304 Not Modified (0ms)


Started GET "/assets/scaffolds.css?body=1" for 127.0.0.1 at 2013-04-25 21:31:04 -0500
Served asset /scaffolds.css - 304 Not Modified (0ms)


Started GET "/assets/users.js?body=1" for 127.0.0.1 at 2013-04-25 21:31:04 -0500
Served asset /users.js - 304 Not Modified (0ms)


Started GET "/assets/application.js?body=1" for 127.0.0.1 at 2013-04-25 21:31:04 -0500
Served asset /application.js - 304 Not Modified (0ms)
